<?xml version="1.0" encoding="UTF-8"?>
<coverage generated="1778857006167" clover="3.2.0">
  <project timestamp="1778857006168" name="All files">
    <metrics statements="12" coveredstatements="12" conditionals="23" coveredconditionals="23" methods="5" coveredmethods="5" elements="40" coveredelements="40" complexity="0" loc="12" ncloc="12" packages="1" files="2" classes="2"/>
    <file name="CodeViewer.tsx" path="/Volumes/SSD_EXT/MacExt/Projects/Extia-Inge/ExScript/frontend/src/app/(app)/scripts/[id]/components/CodeViewer.tsx">
      <metrics statements="3" coveredstatements="3" conditionals="9" coveredconditionals="9" methods="1" coveredmethods="1"/>
      <line num="2" count="1" type="stmt"/>
      <line num="12" count="1" type="stmt"/>
      <line num="17" count="7" type="stmt"/>
    </file>
    <file name="FileList.tsx" path="/Volumes/SSD_EXT/MacExt/Projects/Extia-Inge/ExScript/frontend/src/app/(app)/scripts/[id]/components/FileList.tsx">
      <metrics statements="9" coveredstatements="9" conditionals="14" coveredconditionals="14" methods="4" coveredmethods="4"/>
      <line num="2" count="1" type="stmt"/>
      <line num="4" count="1" type="stmt"/>
      <line num="14" count="1" type="stmt"/>
      <line num="20" count="8" type="stmt"/>
      <line num="33" count="14" type="stmt"/>
      <line num="34" count="14" type="cond" truecount="2" falsecount="0"/>
      <line num="35" count="5" type="cond" truecount="4" falsecount="0"/>
      <line num="38" count="14" type="stmt"/>
      <line num="41" count="1" type="stmt"/>
    </file>
  </project>
</coverage>
