{"/Volumes/SSD_EXT/MacExt/Projects/Extia-Inge/ExScript/frontend/src/app/(app)/scripts/[id]/components/CodeViewer.tsx": {"path":"/Volumes/SSD_EXT/MacExt/Projects/Extia-Inge/ExScript/frontend/src/app/(app)/scripts/[id]/components/CodeViewer.tsx","statementMap":{"0":{"start":{"line":12,"column":0},"end":{"line":12,"column":16}},"1":{"start":{"line":2,"column":0},"end":{"line":2,"column":26}},"2":{"start":{"line":17,"column":2},"end":{"line":69,"column":4}}},"fnMap":{"0":{"name":"CodeViewer","decl":{"start":{"line":12,"column":16},"end":{"line":12,"column":26}},"loc":{"start":{"line":16,"column":18},"end":{"line":70,"column":1}}}},"branchMap":{"0":{"loc":{"start":{"line":19,"column":7},"end":{"line":66,"column":null}},"type":"cond-expr","locations":[{"start":{"line":20,"column":8},"end":{"line":61,"column":null}},{"start":{"line":64,"column":8},"end":{"line":64,"column":null}}]},"1":{"loc":{"start":{"line":25,"column":13},"end":{"line":28,"column":null}},"type":"binary-expr","locations":[{"start":{"line":25,"column":13},"end":{"line":25,"column":26}},{"start":{"line":25,"column":30},"end":{"line":25,"column":53}},{"start":{"line":26,"column":14},"end":{"line":26,"column":null}}]},"2":{"loc":{"start":{"line":32,"column":11},"end":{"line":60,"column":null}},"type":"cond-expr","locations":[{"start":{"line":33,"column":12},"end":{"line":53,"column":null}},{"start":{"line":56,"column":12},"end":{"line":59,"column":null}}]},"3":{"loc":{"start":{"line":32,"column":11},"end":{"line":32,"column":51}},"type":"binary-expr","locations":[{"start":{"line":32,"column":11},"end":{"line":32,"column":24}},{"start":{"line":32,"column":28},"end":{"line":32,"column":51}}]}},"s":{"0":1,"1":1,"2":7},"f":{"0":7},"b":{"0":[6,1],"1":[6,4,3],"2":[3,3],"3":[6,4]}}
,"/Volumes/SSD_EXT/MacExt/Projects/Extia-Inge/ExScript/frontend/src/app/(app)/scripts/[id]/components/FileList.tsx": {"path":"/Volumes/SSD_EXT/MacExt/Projects/Extia-Inge/ExScript/frontend/src/app/(app)/scripts/[id]/components/FileList.tsx","statementMap":{"0":{"start":{"line":14,"column":0},"end":{"line":14,"column":16}},"1":{"start":{"line":2,"column":0},"end":{"line":2,"column":26}},"2":{"start":{"line":4,"column":0},"end":{"line":4,"column":55}},"3":{"start":{"line":20,"column":2},"end":{"line":69,"column":4}},"4":{"start":{"line":33,"column":31},"end":{"line":33,"column":62}},"5":{"start":{"line":34,"column":33},"end":{"line":37,"column":23}},"6":{"start":{"line":35,"column":51},"end":{"line":35,"column":77}},"7":{"start":{"line":38,"column":14},"end":{"line":63,"column":16}},"8":{"start":{"line":41,"column":35},"end":{"line":41,"column":55}}},"fnMap":{"0":{"name":"FileList","decl":{"start":{"line":14,"column":16},"end":{"line":14,"column":24}},"loc":{"start":{"line":19,"column":16},"end":{"line":70,"column":1}}},"1":{"name":"(anonymous_2)","decl":{"start":{"line":32,"column":23},"end":{"line":32,"column":24}},"loc":{"start":{"line":32,"column":29},"end":{"line":64,"column":13}}},"2":{"name":"(anonymous_3)","decl":{"start":{"line":35,"column":43},"end":{"line":35,"column":44}},"loc":{"start":{"line":35,"column":51},"end":{"line":35,"column":77}}},"3":{"name":"(anonymous_4)","decl":{"start":{"line":41,"column":29},"end":{"line":41,"column":32}},"loc":{"start":{"line":41,"column":35},"end":{"line":41,"column":55}}}},"branchMap":{"0":{"loc":{"start":{"line":28,"column":9},"end":{"line":65,"column":null}},"type":"cond-expr","locations":[{"start":{"line":29,"column":10},"end":{"line":29,"column":74}},{"start":{"line":31,"column":10},"end":{"line":64,"column":null}}]},"1":{"loc":{"start":{"line":34,"column":33},"end":{"line":37,"column":23}},"type":"cond-expr","locations":[{"start":{"line":35,"column":18},"end":{"line":36,"column":43}},{"start":{"line":37,"column":18},"end":{"line":37,"column":23}}]},"2":{"loc":{"start":{"line":35,"column":18},"end":{"line":36,"column":29}},"type":"cond-expr","locations":[{"start":{"line":35,"column":78},"end":{"line":35,"column":null}},{"start":{"line":35,"column":78},"end":{"line":36,"column":29}}]},"3":{"loc":{"start":{"line":35,"column":18},"end":{"line":35,"column":null}},"type":"binary-expr","locations":[{"start":{"line":35,"column":18},"end":{"line":35,"column":null}},{"start":{"line":35,"column":78},"end":{"line":35,"column":null}}]},"4":{"loc":{"start":{"line":43,"column":22},"end":{"line":45,"column":null}},"type":"cond-expr","locations":[{"start":{"line":44,"column":26},"end":{"line":44,"column":64}},{"start":{"line":45,"column":26},"end":{"line":45,"column":null}}]},"5":{"loc":{"start":{"line":52,"column":21},"end":{"line":56,"column":null}},"type":"binary-expr","locations":[{"start":{"line":52,"column":21},"end":{"line":52,"column":31}},{"start":{"line":53,"column":22},"end":{"line":55,"column":null}}]},"6":{"loc":{"start":{"line":58,"column":21},"end":{"line":59,"column":null}},"type":"binary-expr","locations":[{"start":{"line":58,"column":21},"end":{"line":58,"column":29}},{"start":{"line":59,"column":22},"end":{"line":59,"column":83}}]}},"s":{"0":1,"1":1,"2":1,"3":8,"4":14,"5":14,"6":5,"7":14,"8":1},"f":{"0":8,"1":14,"2":5,"3":1},"b":{"0":[1,7],"1":[4,10],"2":[1,3],"3":[4,4],"4":[2,12],"5":[14,2],"6":[14,2]}}
}
