TN:
SF:src/app/(app)/scripts/[id]/components/CodeViewer.tsx
FN:12,CodeViewer
FNF:1
FNH:1
FNDA:7,CodeViewer
DA:2,1
DA:12,1
DA:17,7
LF:3
LH:3
BRDA:19,0,0,6
BRDA:19,0,1,1
BRDA:25,1,0,6
BRDA:25,1,1,4
BRDA:25,1,2,3
BRDA:32,2,0,3
BRDA:32,2,1,3
BRDA:32,3,0,6
BRDA:32,3,1,4
BRF:9
BRH:9
end_of_record
TN:
SF:src/app/(app)/scripts/[id]/components/FileList.tsx
FN:14,FileList
FN:32,(anonymous_2)
FN:35,(anonymous_3)
FN:41,(anonymous_4)
FNF:4
FNH:4
FNDA:8,FileList
FNDA:14,(anonymous_2)
FNDA:5,(anonymous_3)
FNDA:1,(anonymous_4)
DA:2,1
DA:4,1
DA:14,1
DA:20,8
DA:33,14
DA:34,14
DA:35,5
DA:38,14
DA:41,1
LF:9
LH:9
BRDA:28,0,0,1
BRDA:28,0,1,7
BRDA:34,1,0,4
BRDA:34,1,1,10
BRDA:35,2,0,1
BRDA:35,2,1,3
BRDA:35,3,0,4
BRDA:35,3,1,4
BRDA:43,4,0,2
BRDA:43,4,1,12
BRDA:52,5,0,14
BRDA:52,5,1,2
BRDA:58,6,0,14
BRDA:58,6,1,2
BRF:14
BRH:14
end_of_record
